2011-06-22 21:24:06 Warning: Warning (512): C:\xampp\htdocs\orico_consulting\tmp\cache\persistent\ is not writable in [C:\cakephp\1310\cake\libs\cache\file.php, line 267]
2011-06-22 21:24:06 Warning: Warning (512): C:\xampp\htdocs\orico_consulting\tmp\cache\models\ is not writable in [C:\cakephp\1310\cake\libs\cache\file.php, line 267]
2011-06-22 21:24:07 Warning: Warning (512): C:\xampp\htdocs\orico_consulting\tmp\cache\persistent\ is not writable in [C:\cakephp\1310\cake\libs\cache\file.php, line 267]
2011-06-22 21:24:07 Warning: Warning (512): C:\xampp\htdocs\orico_consulting\tmp\cache\models\ is not writable in [C:\cakephp\1310\cake\libs\cache\file.php, line 267]
2011-06-22 23:20:29 Warning: Warning (2): fopen(C:\xampp\htdocs\orico_consulting\tmp\cache\persistent\cake_core_file_map) [<a href='http://php.net/function.fopen'>function.fopen</a>]: failed to open stream: Invalid argument in [C:\cakephp\1310\cake\libs\file.php, line 152]
2011-06-22 23:20:29 Warning: Warning (2): fopen(C:\xampp\htdocs\orico_consulting\tmp\cache\persistent\cake_core_file_map) [<a href='http://php.net/function.fopen'>function.fopen</a>]: failed to open stream: Invalid argument in [C:\cakephp\1310\cake\libs\file.php, line 152]
2011-06-22 23:20:29 Warning: Warning (2): fopen(C:\xampp\htdocs\orico_consulting\tmp\cache\persistent\cake_core_file_map) [<a href='http://php.net/function.fopen'>function.fopen</a>]: failed to open stream: Invalid argument in [C:\cakephp\1310\cake\libs\file.php, line 152]
2011-06-22 23:28:21 Warning: Warning (2): unlink(C:\xampp\htdocs\orico_consulting\tmp\cache\persistent\cake_core_default_) [<a href='http://php.net/function.unlink'>function.unlink</a>]: No such file or directory in [C:\cakephp\1310\cake\libs\file.php, line 294]
2011-06-22 23:28:21 Warning: Warning (2): unlink(C:\xampp\htdocs\orico_consulting\tmp\cache\persistent\cake_core_default_) [<a href='http://php.net/function.unlink'>function.unlink</a>]: No such file or directory in [C:\cakephp\1310\cake\libs\file.php, line 294]
2011-06-22 23:28:21 Warning: Warning (2): fopen(C:\xampp\htdocs\orico_consulting\tmp\cache\persistent\cake_core_default_es-es) [<a href='http://php.net/function.fopen'>function.fopen</a>]: failed to open stream: Permission denied in [C:\cakephp\1310\cake\libs\file.php, line 152]
2011-06-22 23:28:21 Warning: Warning (2): fopen(C:\xampp\htdocs\orico_consulting\tmp\cache\persistent\cake_core_default_es-es) [<a href='http://php.net/function.fopen'>function.fopen</a>]: failed to open stream: Permission denied in [C:\cakephp\1310\cake\libs\file.php, line 152]
2011-06-22 23:57:46 Warning: Warning (2): fopen(C:\xampp\htdocs\orico_consulting\tmp\cache\persistent\cake_core_default_es-es) [<a href='http://php.net/function.fopen'>function.fopen</a>]: failed to open stream: Invalid argument in [C:\cakephp\1310\cake\libs\file.php, line 152]
2011-06-25 17:01:38 Warning: Warning (2): fopen(C:\xampp\htdocs\orico_consulting\tmp\cache\models\cake_model_default_oricodb_list) [<a href='http://php.net/function.fopen'>function.fopen</a>]: failed to open stream: Invalid argument in [C:\cakephp\1310\cake\libs\file.php, line 152]
2011-06-25 18:44:35 Warning: Warning (2): htmlentities() [<a href='http://php.net/function.htmlentities'>function.htmlentities</a>]: charset `2' not supported, assuming iso-8859-1 in [C:\cakephp\1310\cake\libs\view\helpers\html.php, line 298]
2011-06-25 18:45:01 Warning: Warning (2): htmlentities() [<a href='http://php.net/function.htmlentities'>function.htmlentities</a>]: charset `2' not supported, assuming iso-8859-1 in [C:\cakephp\1310\cake\libs\view\helpers\html.php, line 298]
2011-06-27 15:35:45 Warning: Warning (2): preg_replace() [<a href='http://php.net/function.preg-replace'>function.preg-replace</a>]: Delimiter must not be alphanumeric or backslash in [C:\xampp\htdocs\orico_consulting\views\helpers\orico.php, line 191]
2011-06-27 19:34:18 Warning: Warning (2): sprintf() [<a href='http://php.net/function.sprintf'>function.sprintf</a>]: Too few arguments in [C:\xampp\htdocs\orico_consulting\views\helpers\orico.php, line 190]
2011-06-27 19:34:18 Warning: Warning (2): sprintf() [<a href='http://php.net/function.sprintf'>function.sprintf</a>]: Too few arguments in [C:\xampp\htdocs\orico_consulting\views\helpers\orico.php, line 202]
2011-06-27 21:44:37 Warning: Warning (2): preg_replace() [<a href='http://php.net/function.preg-replace'>function.preg-replace</a>]: Delimiter must not be alphanumeric or backslash in [C:\xampp\htdocs\orico_consulting\app_model.php, line 46]
2011-06-30 22:49:49 Warning: Warning (2): array_key_exists() expects parameter 2 to be array, null given in [C:\xampp\htdocs\orico_consulting\views\helpers\orico.php, line 283]
2011-06-30 22:49:49 Warning: Warning (2): array_key_exists() expects parameter 2 to be array, null given in [C:\xampp\htdocs\orico_consulting\views\helpers\orico.php, line 292]
2011-08-08 19:20:32 Warning: Warning (2): array_key_exists() expects parameter 2 to be array, null given in [C:\xampp\htdocs\orico_consulting\views\helpers\orico.php, line 283]
2011-08-08 19:20:32 Warning: Warning (2): array_key_exists() expects parameter 2 to be array, null given in [C:\xampp\htdocs\orico_consulting\views\helpers\orico.php, line 292]
2011-08-12 15:35:54 Warning: Warning (2): ucwords() expects parameter 1 to be string, array given in [C:\cakephp\1310\cake\libs\inflector.php, line 533]
2011-08-15 14:46:33 Warning: Warning (512): <span style="color:Red;text-align:left"><b>SQL Error:</b> 1054: Unknown column 'Seccion.principal' in 'where clause'</span> in [C:\cakephp\1310\cake\libs\model\datasources\dbo_source.php, line 684]
2011-08-15 14:46:33 Warning: Warning (2): Invalid argument supplied for foreach() in [C:\xampp\htdocs\orico_consulting\views\helpers\orico.php, line 302]
2011-08-17 16:37:17 Warning: Warning (512): <span style="color:Red;text-align:left"><b>SQL Error:</b> 1054: Unknown column 'Seccion.principal' in 'where clause'</span> in [C:\cakephp\1310\cake\libs\model\datasources\dbo_source.php, line 684]
2011-08-17 16:37:17 Warning: Warning (2): Invalid argument supplied for foreach() in [C:\xampp\htdocs\orico_consulting\views\helpers\orico.php, line 302]
2011-08-19 15:01:52 Warning: Warning (2): array_key_exists() expects parameter 2 to be array, null given in [C:\xampp\htdocs\orico_consulting\views\helpers\orico.php, line 314]
2011-08-19 15:01:52 Warning: Warning (2): array_key_exists() expects parameter 2 to be array, null given in [C:\xampp\htdocs\orico_consulting\views\helpers\orico.php, line 323]
2011-08-19 15:01:53 Warning: Warning (2): array_key_exists() expects parameter 2 to be array, null given in [C:\xampp\htdocs\orico_consulting\views\helpers\orico.php, line 314]
2011-08-19 15:01:53 Warning: Warning (2): array_key_exists() expects parameter 2 to be array, null given in [C:\xampp\htdocs\orico_consulting\views\helpers\orico.php, line 323]
2011-08-19 15:10:53 Warning: Warning (2): array_key_exists() expects parameter 2 to be array, null given in [C:\xampp\htdocs\orico_consulting\views\helpers\orico.php, line 314]
2011-08-19 15:10:53 Warning: Warning (2): array_key_exists() expects parameter 2 to be array, null given in [C:\xampp\htdocs\orico_consulting\views\helpers\orico.php, line 323]
2011-08-19 15:11:56 Warning: Warning (2): array_key_exists() expects parameter 2 to be array, null given in [C:\xampp\htdocs\orico_consulting\views\helpers\orico.php, line 314]
2011-08-19 15:11:56 Warning: Warning (2): array_key_exists() expects parameter 2 to be array, null given in [C:\xampp\htdocs\orico_consulting\views\helpers\orico.php, line 323]
2011-08-19 16:16:40 Warning: Warning (2): array_key_exists() expects parameter 2 to be array, null given in [C:\xampp\htdocs\orico_consulting\views\helpers\orico.php, line 314]
2011-08-19 16:16:40 Warning: Warning (2): array_key_exists() expects parameter 2 to be array, null given in [C:\xampp\htdocs\orico_consulting\views\helpers\orico.php, line 323]
2011-08-19 16:18:44 Warning: Warning (2): array_key_exists() expects parameter 2 to be array, null given in [C:\xampp\htdocs\orico_consulting\views\helpers\orico.php, line 314]
2011-08-19 16:18:44 Warning: Warning (2): array_key_exists() expects parameter 2 to be array, null given in [C:\xampp\htdocs\orico_consulting\views\helpers\orico.php, line 323]
2011-08-19 17:27:35 Warning: Warning (2): array_key_exists() expects parameter 2 to be array, null given in [C:\xampp\htdocs\orico_consulting\views\helpers\orico.php, line 314]
2011-08-19 17:27:35 Warning: Warning (2): array_key_exists() expects parameter 2 to be array, null given in [C:\xampp\htdocs\orico_consulting\views\helpers\orico.php, line 323]
2011-09-01 20:04:23 Warning: Warning (2): preg_replace() [<a href='http://php.net/function.preg-replace'>function.preg-replace</a>]: Delimiter must not be alphanumeric or backslash in [C:\xampp\htdocs\orico_consulting\views\helpers\orico.php, line 208]
2011-09-16 19:18:34 Warning: Warning (2): mysql_connect() [<a href='http://php.net/function.mysql-connect'>function.mysql-connect</a>]: Access denied for user 'root'@'localhost' (using password: YES) in [/srv/www/htdocs/cakephp/1310/cake/libs/model/datasources/dbo/dbo_mysql.php, line 561]
2011-09-16 19:18:34 Warning: Warning (2): mysql_select_db() expects parameter 2 to be resource, boolean given in [/srv/www/htdocs/cakephp/1310/cake/libs/model/datasources/dbo/dbo_mysql.php, line 567]
2011-09-16 19:18:34 Warning: Warning (2): mysql_get_server_info() expects parameter 1 to be resource, boolean given in [/srv/www/htdocs/cakephp/1310/cake/libs/model/datasources/dbo/dbo_mysql.php, line 575]
2011-09-16 19:18:34 Warning: Warning (2): mysql_query() expects parameter 2 to be resource, boolean given in [/srv/www/htdocs/cakephp/1310/cake/libs/model/datasources/dbo/dbo_mysql.php, line 609]
2011-09-16 19:18:34 Warning: Warning (2): Cannot modify header information - headers already sent by (output started at /srv/www/htdocs/cakephp/1310/cake/libs/debugger.php:673) in [/srv/www/htdocs/cakephp/1310/cake/libs/controller/controller.php, line 742]
2011-10-02 02:38:14 Warning: Warning (2): date() [http://php.net/function.date]: It is not safe to rely on the system's timezone settings. You are *required* to use the date.timezone setting or the date_default_timezone_set() function. In case you used any of those methods and you are still getting this warning, you most likely misspelled the timezone identifier. We selected 'America/Anguilla' for 'AST/-4.0/no DST' instead in [/home/pavel/bin/cakephp1312/cake/libs/model/cake_schema.php, line 387]
